[debug] [2024-02-07T15:51:07.550Z] ----------------------------------------------------------------------
[debug] [2024-02-07T15:51:07.553Z] Command:       C:\Program Files\nodejs\node.exe C:\Users\Intel\AppData\Roaming\npm\node_modules\firebase-tools\lib\bin\firebase.js init
[debug] [2024-02-07T15:51:07.553Z] CLI Version:   13.2.0
[debug] [2024-02-07T15:51:07.553Z] Platform:      win32
[debug] [2024-02-07T15:51:07.553Z] Node Version:  v20.11.0
[debug] [2024-02-07T15:51:07.554Z] Time:          Wed Feb 07 2024 21:21:07 GMT+0530 (India Standard Time)
[debug] [2024-02-07T15:51:07.554Z] ----------------------------------------------------------------------
[debug] 
[debug] [2024-02-07T15:51:07.640Z] > command requires scopes: ["email","openid","https://www.googleapis.com/auth/cloudplatformprojects.readonly","https://www.googleapis.com/auth/firebase","https://www.googleapis.com/auth/cloud-platform"]
[debug] [2024-02-07T15:51:07.640Z] > authorizing via signed-in user (suryaram4@gmail.com)
[info] 
     ######## #### ########  ######## ########     ###     ######  ########
     ##        ##  ##     ## ##       ##     ##  ##   ##  ##       ##
     ######    ##  ########  ######   ########  #########  ######  ######
     ##        ##  ##    ##  ##       ##     ## ##     ##       ## ##
     ##       #### ##     ## ######## ########  ##     ##  ######  ########

You're about to initialize a Firebase project in this directory:

  C:\Users\Intel\git\mahindrashowroomDB\com.servlet.team4\src\main\webapp

Before we get started, keep in mind:

  * You are initializing within an existing Firebase project directory

[info] 
=== Project Setup
[info] 
[info] First, let's associate this project directory with a Firebase project.
[info] You can create multiple project aliases by running firebase use --add, 
[info] but for now we'll just set up a default project.
[info] 
[debug] [2024-02-07T15:51:24.227Z] Using project from CLI flag: mahindracarshowroomdb
[debug] [2024-02-07T15:51:24.229Z] >>> [apiv2][query] GET https://firebase.googleapis.com/v1beta1/projects/mahindracarshowroomdb [none]
[debug] [2024-02-07T15:51:24.988Z] <<< [apiv2][status] GET https://firebase.googleapis.com/v1beta1/projects/mahindracarshowroomdb 200
[debug] [2024-02-07T15:51:24.989Z] <<< [apiv2][body] GET https://firebase.googleapis.com/v1beta1/projects/mahindracarshowroomdb {"projectId":"mahindracarshowroomdb","projectNumber":"49137500129","displayName":"MahindracarshowroomDb","name":"projects/mahindracarshowroomdb","resources":{"hostingSite":"mahindracarshowroomdb"},"state":"ACTIVE","etag":"1_a64343ed-358d-4125-8705-8ce382d5b134"}
[info] i  Using project mahindracarshowroomdb (MahindracarshowroomDb) 
[info] 
=== Database Setup
[info] i  database: ensuring required API firebasedatabase.googleapis.com is enabled... 
[debug] [2024-02-07T15:51:25.009Z] >>> [apiv2][query] GET https://serviceusage.googleapis.com/v1/projects/mahindracarshowroomdb/services/firebasedatabase.googleapis.com [none]
[debug] [2024-02-07T15:51:25.010Z] >>> [apiv2][(partial)header] GET https://serviceusage.googleapis.com/v1/projects/mahindracarshowroomdb/services/firebasedatabase.googleapis.com x-goog-quota-user=projects/mahindracarshowroomdb
[debug] [2024-02-07T15:51:26.974Z] <<< [apiv2][status] GET https://serviceusage.googleapis.com/v1/projects/mahindracarshowroomdb/services/firebasedatabase.googleapis.com 200
[debug] [2024-02-07T15:51:26.974Z] <<< [apiv2][body] GET https://serviceusage.googleapis.com/v1/projects/mahindracarshowroomdb/services/firebasedatabase.googleapis.com [omitted]
[warn] !  database: missing required API firebasedatabase.googleapis.com. Enabling now... 
[debug] [2024-02-07T15:51:26.976Z] >>> [apiv2][query] POST https://serviceusage.googleapis.com/v1/projects/mahindracarshowroomdb/services/firebasedatabase.googleapis.com:enable [none]
[debug] [2024-02-07T15:51:26.976Z] >>> [apiv2][(partial)header] POST https://serviceusage.googleapis.com/v1/projects/mahindracarshowroomdb/services/firebasedatabase.googleapis.com:enable x-goog-quota-user=projects/mahindracarshowroomdb
[debug] [2024-02-07T15:51:27.704Z] <<< [apiv2][status] POST https://serviceusage.googleapis.com/v1/projects/mahindracarshowroomdb/services/firebasedatabase.googleapis.com:enable 200
[debug] [2024-02-07T15:51:27.704Z] <<< [apiv2][body] POST https://serviceusage.googleapis.com/v1/projects/mahindracarshowroomdb/services/firebasedatabase.googleapis.com:enable [omitted]
[debug] [2024-02-07T15:51:37.708Z] >>> [apiv2][query] GET https://serviceusage.googleapis.com/v1/projects/mahindracarshowroomdb/services/firebasedatabase.googleapis.com [none]
[debug] [2024-02-07T15:51:37.708Z] >>> [apiv2][(partial)header] GET https://serviceusage.googleapis.com/v1/projects/mahindracarshowroomdb/services/firebasedatabase.googleapis.com x-goog-quota-user=projects/mahindracarshowroomdb
[debug] [2024-02-07T15:51:39.586Z] <<< [apiv2][status] GET https://serviceusage.googleapis.com/v1/projects/mahindracarshowroomdb/services/firebasedatabase.googleapis.com 200
[debug] [2024-02-07T15:51:39.587Z] <<< [apiv2][body] GET https://serviceusage.googleapis.com/v1/projects/mahindracarshowroomdb/services/firebasedatabase.googleapis.com [omitted]
[info] +  database: required API firebasedatabase.googleapis.com is enabled 
[info] 
[debug] [2024-02-07T15:51:39.591Z] >>> [apiv2][query] GET https://firebase.googleapis.com/v1beta1/projects/mahindracarshowroomdb [none]
[debug] [2024-02-07T15:51:40.113Z] <<< [apiv2][status] GET https://firebase.googleapis.com/v1beta1/projects/mahindracarshowroomdb 200
[debug] [2024-02-07T15:51:40.113Z] <<< [apiv2][body] GET https://firebase.googleapis.com/v1beta1/projects/mahindracarshowroomdb {"projectId":"mahindracarshowroomdb","projectNumber":"49137500129","displayName":"MahindracarshowroomDb","name":"projects/mahindracarshowroomdb","resources":{"hostingSite":"mahindracarshowroomdb"},"state":"ACTIVE","etag":"1_a64343ed-358d-4125-8705-8ce382d5b134"}
